#
# A fatal error has been detected by the Java Runtime Environment:
#
#  Internal Error (0xc000000d), pid=12320, tid=0x00000000000048d4
#
# JRE version: Java(TM) SE Runtime Environment (8.0_144-b01) (build 1.8.0_144-b01)
# Java VM: Java HotSpot(TM) 64-Bit Server VM (25.144-b01 mixed mode windows-amd64 compressed oops)
# Problematic frame:
# C  [ntdll.dll+0x10f220]
#
# Failed to write core dump. Minidumps are not enabled by default on client versions of Windows
#
# If you would like to submit a bug report, please visit:
#   http://bugreport.java.com/bugreport/crash.jsp
#

---------------  T H R E A D  ---------------

Current thread (0x0000000017657000):  VMThread [stack: 0x00000000186f0000,0x00000000187f0000] [id=18644]

siginfo: ExceptionCode=0xc000000d

Registers:
RAX=0x0000000000000000, RBX=0x000000002035f5c0, RCX=0x0000000000000000, RDX=0x0000000000000000
RSP=0x00000000187eec10, RBP=0x00000000211b9a60, RSI=0x00000000211b9c98, RDI=0x00000000211833f0
R8 =0x0000000000000000, R9 =0x0000000000000000, R10=0x0000000000000000, R11=0x0000000000000000
R12=0x0000000000000000, R13=0x0000000000000000, R14=0x00000000211c9b10, R15=0x00000000211e5460
RIP=0x00007ffd4bfcf220, EFLAGS=0x0000000000000202

Top of Stack: (sp=0x00000000187eec10)
0x00000000187eec10:   0000000000000057 000000002035f5c0
0x00000000187eec20:   00000000211b9c98 0000000000000000
0x00000000187eec30:   00000000c000000d 0000000000000000
0x00000000187eec40:   00007ffd4bfcf220 0000000000000000
0x00000000187eec50:   0000000000000000 0000000000000000
0x00000000187eec60:   0000000000000000 0000000000000000
0x00000000187eec70:   0000000000000000 0000000000000000
0x00000000187eec80:   0000000000000000 0000000000000000
0x00000000187eec90:   0000000000000000 0000000000000000
0x00000000187eeca0:   0000000000000000 0000000000000000
0x00000000187eecb0:   0000000000000000 0000000000000000
0x00000000187eecc0:   0000000000000000 0000000000000000
0x00000000187eecd0:   0000e32a9ac5b65a 00000000187eed00
0x00000000187eece0:   00000000187eed00 00007ffd4bef65bb
0x00000000187eecf0:   0000000000000002 0000000000000002
0x00000000187eed00:   0000e32a9ac50000 0000e32a9ac5b1aa 

Instructions: (pc=0x00007ffd4bfcf220)
0x00007ffd4bfcf200:   3d f9 ff c7 44 24 20 0d 00 00 c0 b9 57 00 00 00
0x00007ffd4bfcf210:   e8 7b 43 f4 ff 90 48 8d 4c 24 20 e8 d0 ac f5 ff
0x00007ffd4bfcf220:   eb 00 48 8b 8c 24 c0 00 00 00 48 33 cc e8 7e cf
0x00007ffd4bfcf230:   f7 ff 48 81 c4 d8 00 00 00 c3 40 55 48 83 ec 20 


Register to memory mapping:

RAX=0x0000000000000000 is an unknown value
RBX=0x000000002035f5c0 is an unknown value
RCX=0x0000000000000000 is an unknown value
RDX=0x0000000000000000 is an unknown value
RSP=0x00000000187eec10 is an unknown value
RBP=0x00000000211b9a60 is an unknown value
RSI=0x00000000211b9c98 is an unknown value
RDI=0x00000000211833f0 is an unknown value
R8 =0x0000000000000000 is an unknown value
R9 =0x0000000000000000 is an unknown value
R10=0x0000000000000000 is an unknown value
R11=0x0000000000000000 is an unknown value
R12=0x0000000000000000 is an unknown value
R13=0x0000000000000000 is an unknown value
R14=0x00000000211c9b10 is an unknown value
R15=0x00000000211e5460 is an unknown value


Stack: [0x00000000186f0000,0x00000000187f0000],  sp=0x00000000187eec10,  free space=1019k
Native frames: (J=compiled Java code, j=interpreted, Vv=VM code, C=native code)
C  [ntdll.dll+0x10f220]
C  [ntdll.dll+0x365bb]
C  [ntdll.dll+0x36604]
C  [RTWorkQ.DLL+0xa7a9]
C  [RTWorkQ.DLL+0x1a51]
C  [RTWorkQ.DLL+0xa5b8]
C  [RTWorkQ.DLL+0xa442]
C  [MFPlat.DLL+0x46d0]
C  [MFReadWrite.dll+0x225c0]
C  [MFReadWrite.dll+0x1ec80]
C  [MFReadWrite.dll+0x1e9d5]
C  [mfksproxy.dll+0x178b4]
C  [mfksproxy.dll+0x167c5]
C  [mfksproxy.dll+0x6a66]
C  [quartz.dll+0x435ba]
C  [quartz.dll+0x56e24]
C  [quartz.dll+0x59512]
C  [quartz.dll+0x588a5]
C  [opencv_java341.dll+0x1c5dcac]
C  [opencv_java341.dll+0x20dc6c0]
C  [opencv_java341.dll+0x2011eac]
C  [opencv_java341.dll+0x2011bf1]
C  [opencv_java341.dll+0x2011f99]
C  [opencv_java341.dll+0x200eefc]
C  [opencv_java341.dll+0x200ee65]
C  [opencv_java341.dll+0x200efff]
C  [opencv_java341.dll+0x1fc534b]
C  [opencv_java341.dll+0x1fc5032]
C  [opencv_java341.dll+0x1fc5128]
C  [ntdll.dll+0x250a1]
C  [ntdll.dll+0x6ab02]
C  [ntdll.dll+0x6a9ad]
C  [KERNEL32.DLL+0x1cd8a]
C  [msvcr100.dll+0x20ccd]
V  [jvm.dll+0x213145]
V  [jvm.dll+0x24c127]
V  [jvm.dll+0x24b3c6]
V  [jvm.dll+0x24b861]
V  [jvm.dll+0x24ba7e]
V  [jvm.dll+0x29ca6a]
C  [msvcr100.dll+0x21d9f]
C  [msvcr100.dll+0x21e3b]
C  [KERNEL32.DLL+0x17bd4]
C  [ntdll.dll+0x6ced1]

VM_Operation (0x0000000002ece4d0): Exit, mode: safepoint, requested by thread 0x0000000002d7d800


---------------  P R O C E S S  ---------------

Java Threads: ( => current thread )
  0x0000000019730000 JavaThread "Thread-4" [_thread_blocked, id=13180, stack(0x000000001a130000,0x000000001a230000)]
  0x00000000199e7000 JavaThread "pool-2-thread-1" [_thread_blocked, id=14148, stack(0x0000000023de0000,0x0000000023ee0000)]
  0x000000001995d800 JavaThread "Prism Font Disposer" daemon [_thread_blocked, id=10036, stack(0x00000000228d0000,0x00000000229d0000)]
  0x00000000196ef800 JavaThread "Thread-2" daemon [_thread_in_native, id=19008, stack(0x0000000020d40000,0x0000000020e40000)]
  0x0000000019613800 JavaThread "Thread-1" daemon [_thread_blocked, id=1404, stack(0x000000001a030000,0x000000001a130000)]
  0x00000000176ee800 JavaThread "Service Thread" daemon [_thread_blocked, id=2472, stack(0x00000000193f0000,0x00000000194f0000)]
  0x000000001769c800 JavaThread "C1 CompilerThread2" daemon [_thread_blocked, id=21668, stack(0x0000000018ef0000,0x0000000018ff0000)]
  0x0000000017696000 JavaThread "C2 CompilerThread1" daemon [_thread_blocked, id=20760, stack(0x0000000018df0000,0x0000000018ef0000)]
  0x0000000017690800 JavaThread "C2 CompilerThread0" daemon [_thread_blocked, id=22236, stack(0x0000000018cf0000,0x0000000018df0000)]
  0x000000001768e800 JavaThread "Attach Listener" daemon [_thread_blocked, id=17484, stack(0x0000000018bf0000,0x0000000018cf0000)]
  0x0000000002fcd800 JavaThread "Finalizer" daemon [_thread_blocked, id=17980, stack(0x00000000188f0000,0x00000000189f0000)]
  0x0000000002fc2000 JavaThread "Reference Handler" daemon [_thread_blocked, id=14320, stack(0x00000000187f0000,0x00000000188f0000)]
  0x0000000002d7d800 JavaThread "main" [_thread_blocked, id=16248, stack(0x0000000002dd0000,0x0000000002ed0000)]

Other Threads:
=>0x0000000017657000 VMThread [stack: 0x00000000186f0000,0x00000000187f0000] [id=18644]

VM state:at safepoint (shutting down)

VM Mutex/Monitor currently owned by a thread:  ([mutex/lock_event])
[0x0000000002d7cba0] Threads_lock - owner thread: 0x0000000017657000

Heap:
 PSYoungGen      total 35840K, used 30720K [0x00000000d8700000, 0x00000000daf00000, 0x0000000100000000)
  eden space 30720K, 100% used [0x00000000d8700000,0x00000000da500000,0x00000000da500000)
  from space 5120K, 0% used [0x00000000daa00000,0x00000000daa00000,0x00000000daf00000)
  to   space 5120K, 0% used [0x00000000da500000,0x00000000da500000,0x00000000daa00000)
 ParOldGen       total 81920K, used 0K [0x0000000089400000, 0x000000008e400000, 0x00000000d8700000)
  object space 81920K, 0% used [0x0000000089400000,0x0000000089400000,0x000000008e400000)
 Metaspace       used 14051K, capacity 14616K, committed 14848K, reserved 1062912K
  class space    used 1859K, capacity 1997K, committed 2048K, reserved 1048576K

Card table byte_map: [0x0000000012390000,0x0000000012750000] byte_map_base: 0x0000000011f46000

Marking Bits: (ParMarkBitMap*) 0x000000005c2cd850
 Begin Bits: [0x0000000012dd0000, 0x0000000014b80000)
 End Bits:   [0x0000000014b80000, 0x0000000016930000)

Polling page: 0x0000000002d40000

CodeCache: size=245760Kb used=3577Kb max_used=3582Kb free=242182Kb
 bounds [0x0000000002fd0000, 0x0000000003360000, 0x0000000011fd0000]
 total_blobs=1508 nmethods=962 adapters=459
 compilation: enabled

Compilation events (10 events):
Event: 3.148 Thread 0x000000001769c800 nmethod 957 0x0000000003348290 code [0x00000000033483e0, 0x0000000003348590]
Event: 3.149 Thread 0x000000001769c800  958       3       java.io.WinNTFileSystem::prefixLength (91 bytes)
Event: 3.151 Thread 0x000000001769c800 nmethod 958 0x0000000003348850 code [0x0000000003348a40, 0x00000000033495c8]
Event: 3.164 Thread 0x0000000017690800  959       4       java.lang.String::getChars (62 bytes)
Event: 3.166 Thread 0x0000000017690800 nmethod 959 0x000000000334ecd0 code [0x000000000334ee20, 0x000000000334ef98]
Event: 3.170 Thread 0x0000000017696000 nmethod 943 0x000000000334bf50 code [0x000000000334c100, 0x000000000334cc88]
Event: 3.171 Thread 0x000000001769c800  961       3       java.lang.invoke.MethodHandles::access$000 (4 bytes)
Event: 3.171 Thread 0x000000001769c800 nmethod 961 0x000000000334e790 code [0x000000000334e8e0, 0x000000000334ea10]
Event: 3.172 Thread 0x000000001769c800  962       3       java.lang.invoke.MethodHandles$Lookup::checkAccess (250 bytes)
Event: 3.174 Thread 0x000000001769c800 nmethod 962 0x000000000334f250 code [0x000000000334f500, 0x0000000003350d88]

GC Heap History (0 events):
No events

Deoptimization events (7 events):
Event: 0.749 Thread 0x0000000019620800 Uncommon trap: reason=unstable_if action=reinterpret pc=0x000000000317d94c method=java.lang.String.replace(CC)Ljava/lang/String; @ 26
Event: 0.878 Thread 0x0000000019620800 Uncommon trap: reason=unstable_if action=reinterpret pc=0x00000000031b0740 method=java.lang.String.indexOf([CII[CIII)I @ 134
Event: 0.887 Thread 0x0000000019620800 Uncommon trap: reason=unstable_if action=reinterpret pc=0x00000000031950b4 method=java.lang.String.startsWith(Ljava/lang/String;I)Z @ 25
Event: 1.185 Thread 0x0000000019620800 Uncommon trap: reason=unstable_if action=reinterpret pc=0x000000000327986c method=java.io.BufferedInputStream.read()I @ 8
Event: 1.207 Thread 0x0000000019620800 Uncommon trap: reason=unstable_if action=reinterpret pc=0x0000000003244058 method=java.util.HashMap.getNode(ILjava/lang/Object;)Ljava/util/HashMap$Node; @ 84
Event: 1.208 Thread 0x0000000019620800 Uncommon trap: reason=unstable_if action=reinterpret pc=0x0000000003246510 method=java.util.HashMap.getNode(ILjava/lang/Object;)Ljava/util/HashMap$Node; @ 84
Event: 1.299 Thread 0x0000000019620800 Uncommon trap: reason=unstable_if action=reinterpret pc=0x00000000032ad06c method=java.lang.String.indexOf([CII[CIII)I @ 3

Internal exceptions (10 events):
Event: 0.301 Thread 0x0000000002d7d800 Exception <a 'java/security/PrivilegedActionException'> (0x00000000d89d7248) thrown at [C:\re\workspace\8-2-build-windows-amd64-cygwin\jdk8u144\9417\hotspot\src\share\vm\prims\jvm.cpp, line 1390]
Event: 0.301 Thread 0x0000000002d7d800 Exception <a 'java/lang/NullPointerException'> (0x00000000d89d7990) thrown at [C:\re\workspace\8-2-build-windows-amd64-cygwin\jdk8u144\9417\hotspot\src\share\vm\interpreter\linkResolver.cpp, line 1197]
Event: 0.997 Thread 0x0000000019620800 Exception <a 'java/lang/NullPointerException'> (0x00000000d949c710) thrown at [C:\re\workspace\8-2-build-windows-amd64-cygwin\jdk8u144\9417\hotspot\src\share\vm\interpreter\linkResolver.cpp, line 1197]
Event: 0.997 Thread 0x0000000019620800 Exception <a 'java/lang/NullPointerException'> (0x00000000d949c710) thrown at [C:\re\workspace\8-2-build-windows-amd64-cygwin\jdk8u144\9417\hotspot\src\share\vm\prims\jvm.cpp, line 1394]
Event: 1.098 Thread 0x0000000019620800 Exception <a 'java/lang/ArrayIndexOutOfBoundsException'> (0x00000000d965a640) thrown at [C:\re\workspace\8-2-build-windows-amd64-cygwin\jdk8u144\9417\hotspot\src\share\vm\runtime\sharedRuntime.cpp, line 605]
Event: 1.098 Thread 0x0000000019620800 Exception <a 'java/lang/ArrayIndexOutOfBoundsException'> (0x00000000d965b158) thrown at [C:\re\workspace\8-2-build-windows-amd64-cygwin\jdk8u144\9417\hotspot\src\share\vm\runtime\sharedRuntime.cpp, line 605]
Event: 1.099 Thread 0x0000000019620800 Exception <a 'java/lang/ArrayIndexOutOfBoundsException'> (0x00000000d965c500) thrown at [C:\re\workspace\8-2-build-windows-amd64-cygwin\jdk8u144\9417\hotspot\src\share\vm\runtime\sharedRuntime.cpp, line 605]
Event: 2.197 Thread 0x0000000019620800 Exception <a 'java/lang/ArrayIndexOutOfBoundsException'> (0x00000000d9f25740) thrown at [C:\re\workspace\8-2-build-windows-amd64-cygwin\jdk8u144\9417\hotspot\src\share\vm\runtime\sharedRuntime.cpp, line 605]
Event: 3.144 Thread 0x0000000002d7d800 Exception <a 'java/lang/reflect/InvocationTargetException'> (0x00000000d8ce02c0) thrown at [C:\re\workspace\8-2-build-windows-amd64-cygwin\jdk8u144\9417\hotspot\src\share\vm\runtime\reflection.cpp, line 1092]
Event: 3.172 Thread 0x00000000199e7000 Exception <a 'java/io/FileNotFoundException'> (0x00000000da053770) thrown at [C:\re\workspace\8-2-build-windows-amd64-cygwin\jdk8u144\9417\hotspot\src\share\vm\prims\jni.cpp, line 709]

Events (10 events):
Event: 3.171 Thread 0x00000000193c1000 Thread exited: 0x00000000193c1000
Event: 3.172 loading class java/awt/GraphicsEnvironment
Event: 3.172 loading class java/awt/GraphicsEnvironment done
Event: 3.173 loading class java/awt/Insets
Event: 3.173 loading class java/awt/Insets done
Event: 3.174 loading class javafx/embed/swing/SwingFXUtils
Event: 3.174 loading class javafx/embed/swing/SwingFXUtils done
Event: 3.175 loading class sun/awt/FwDispatcher
Event: 3.175 Thread 0x000000001768d000 Thread exited: 0x000000001768d000
Event: 3.176 Executing VM operation: Exit


Dynamic libraries:
0x00007ff7bd980000 - 0x00007ff7bd9b7000 	C:\Program Files\Java\jdk1.8.0_144\jre\bin\java.exe
0x00007ffd4bec0000 - 0x00007ffd4c0b0000 	C:\WINDOWS\SYSTEM32\ntdll.dll
0x00007ffd4bbf0000 - 0x00007ffd4bca2000 	C:\WINDOWS\System32\KERNEL32.DLL
0x00007ffd49240000 - 0x00007ffd494e3000 	C:\WINDOWS\System32\KERNELBASE.dll
0x00007ffd4aa20000 - 0x00007ffd4aac3000 	C:\WINDOWS\System32\ADVAPI32.dll
0x00007ffd4bde0000 - 0x00007ffd4be7e000 	C:\WINDOWS\System32\msvcrt.dll
0x00007ffd4bd30000 - 0x00007ffd4bdc7000 	C:\WINDOWS\System32\sechost.dll
0x00007ffd4bab0000 - 0x00007ffd4bbd0000 	C:\WINDOWS\System32\RPCRT4.dll
0x00007ffd4b320000 - 0x00007ffd4b4b4000 	C:\WINDOWS\System32\USER32.dll
0x00007ffd49e90000 - 0x00007ffd49eb1000 	C:\WINDOWS\System32\win32u.dll
0x00007ffd4b240000 - 0x00007ffd4b266000 	C:\WINDOWS\System32\GDI32.dll
0x00007ffd490a0000 - 0x00007ffd49234000 	C:\WINDOWS\System32\gdi32full.dll
0x00007ffd48f50000 - 0x00007ffd48fee000 	C:\WINDOWS\System32\msvcp_win.dll
0x00007ffd48e50000 - 0x00007ffd48f4a000 	C:\WINDOWS\System32\ucrtbase.dll
0x00007ffd2dc00000 - 0x00007ffd2de85000 	C:\WINDOWS\WinSxS\amd64_microsoft.windows.common-controls_6595b64144ccf1df_6.0.18362.592_none_e6c0b1911312be02\COMCTL32.dll
0x00007ffd4a110000 - 0x00007ffd4a446000 	C:\WINDOWS\System32\combase.dll
0x00007ffd49020000 - 0x00007ffd490a0000 	C:\WINDOWS\System32\bcryptPrimitives.dll
0x00007ffd4a830000 - 0x00007ffd4a85e000 	C:\WINDOWS\System32\IMM32.DLL
0x000000005c540000 - 0x000000005c612000 	C:\Program Files\Java\jdk1.8.0_144\jre\bin\msvcr100.dll
0x000000005bab0000 - 0x000000005c34d000 	C:\Program Files\Java\jdk1.8.0_144\jre\bin\server\jvm.dll
0x00007ffd4bdd0000 - 0x00007ffd4bdd8000 	C:\WINDOWS\System32\PSAPI.DLL
0x00007ffd28f70000 - 0x00007ffd28f79000 	C:\WINDOWS\SYSTEM32\WSOCK32.dll
0x00007ffd43950000 - 0x00007ffd43974000 	C:\WINDOWS\SYSTEM32\WINMM.dll
0x00007ffd4aae0000 - 0x00007ffd4ab4f000 	C:\WINDOWS\System32\WS2_32.dll
0x00007ffd38fe0000 - 0x00007ffd38fea000 	C:\WINDOWS\SYSTEM32\VERSION.dll
0x00007ffd43920000 - 0x00007ffd4394d000 	C:\WINDOWS\SYSTEM32\winmmbase.dll
0x00007ffd49c70000 - 0x00007ffd49cba000 	C:\WINDOWS\System32\cfgmgr32.dll
0x000000005caf0000 - 0x000000005caff000 	C:\Program Files\Java\jdk1.8.0_144\jre\bin\verify.dll
0x000000005cac0000 - 0x000000005cae9000 	C:\Program Files\Java\jdk1.8.0_144\jre\bin\java.dll
0x000000005caa0000 - 0x000000005cab6000 	C:\Program Files\Java\jdk1.8.0_144\jre\bin\zip.dll
0x00007ffd4ab50000 - 0x00007ffd4b235000 	C:\WINDOWS\System32\SHELL32.dll
0x00007ffd4ba00000 - 0x00007ffd4baa9000 	C:\WINDOWS\System32\shcore.dll
0x00007ffd494f0000 - 0x00007ffd49c6f000 	C:\WINDOWS\System32\windows.storage.dll
0x00007ffd48e10000 - 0x00007ffd48e2f000 	C:\WINDOWS\System32\profapi.dll
0x00007ffd48da0000 - 0x00007ffd48dea000 	C:\WINDOWS\System32\powrprof.dll
0x00007ffd48d90000 - 0x00007ffd48da0000 	C:\WINDOWS\System32\UMPDC.dll
0x00007ffd4a0b0000 - 0x00007ffd4a102000 	C:\WINDOWS\System32\shlwapi.dll
0x00007ffd48df0000 - 0x00007ffd48e01000 	C:\WINDOWS\System32\kernel.appcore.dll
0x00007ffd49d20000 - 0x00007ffd49d37000 	C:\WINDOWS\System32\cryptsp.dll
0x00007ffd04020000 - 0x00007ffd0410f000 	C:\Program Files\Java\jdk1.8.0_144\jre\bin\msvcr120.dll
0x00007ffd154c0000 - 0x00007ffd15566000 	C:\Program Files\Java\jdk1.8.0_144\jre\bin\msvcp120.dll
0x000000005b8e0000 - 0x000000005b902000 	C:\Program Files\Java\jdk1.8.0_144\jre\bin\prism_d3d.dll
0x00007ffd15210000 - 0x00007ffd153d7000 	C:\WINDOWS\system32\d3d9.dll
0x00007ffd43ff0000 - 0x00007ffd4401d000 	C:\WINDOWS\SYSTEM32\dwmapi.dll
0x00007ffd47a00000 - 0x00007ffd47a20000 	C:\WINDOWS\SYSTEM32\dxcore.dll
0x00007ffd43c60000 - 0x00007ffd43cf9000 	C:\WINDOWS\system32\uxtheme.dll
0x000000005b470000 - 0x000000005b4b3000 	C:\Program Files\Java\jdk1.8.0_144\jre\bin\glass.dll
0x00007ffd4a860000 - 0x00007ffd4a930000 	C:\WINDOWS\System32\COMDLG32.dll
0x00007ffd4a600000 - 0x00007ffd4a756000 	C:\WINDOWS\System32\ole32.dll
0x00007ffd4a760000 - 0x00007ffd4a824000 	C:\WINDOWS\System32\OLEAUT32.dll
0x00007ffd49f70000 - 0x00007ffd4a0a5000 	C:\WINDOWS\System32\MSCTF.dll
0x00007ffcbb4d0000 - 0x00007ffcbe1a2000 	D:\GGC_Java_Systems\lib\opencv\x64\opencv_java341.dll
0x00007ffd35cc0000 - 0x00007ffd35ce9000 	C:\WINDOWS\SYSTEM32\MSVFW32.dll
0x00007ffd3fe30000 - 0x00007ffd3fe50000 	C:\WINDOWS\SYSTEM32\AVIFIL32.dll
0x00007ffd43a20000 - 0x00007ffd43a38000 	C:\WINDOWS\SYSTEM32\AVICAP32.dll
0x00007ffd2cb00000 - 0x00007ffd2cb1c000 	C:\WINDOWS\SYSTEM32\MSACM32.dll
0x000000005b590000 - 0x000000005b5a4000 	C:\Program Files\Java\jdk1.8.0_144\jre\bin\javafx_font.dll
0x00007ffd19890000 - 0x00007ffd19b8e000 	C:\WINDOWS\SYSTEM32\dwrite.dll
0x00007ffd48110000 - 0x00007ffd48143000 	C:\WINDOWS\system32\rsaenh.dll
0x00007ffd48ff0000 - 0x00007ffd49016000 	C:\WINDOWS\System32\bcrypt.dll
0x00007ffd48cb0000 - 0x00007ffd48cd5000 	C:\WINDOWS\SYSTEM32\USERENV.dll
0x00007ffd487d0000 - 0x00007ffd487dc000 	C:\WINDOWS\SYSTEM32\CRYPTBASE.dll
0x000000005ca80000 - 0x000000005ca9a000 	C:\Program Files\Java\jdk1.8.0_144\jre\bin\net.dll
0x00007ffd485a0000 - 0x00007ffd48607000 	C:\WINDOWS\system32\mswsock.dll
0x00007ffd482b0000 - 0x00007ffd482ea000 	C:\WINDOWS\SYSTEM32\IPHLPAPI.DLL
0x00007ffd4a990000 - 0x00007ffd4a998000 	C:\WINDOWS\System32\NSI.dll
0x00007ffd38f40000 - 0x00007ffd38f56000 	C:\WINDOWS\SYSTEM32\dhcpcsvc6.DLL
0x00007ffd38fc0000 - 0x00007ffd38fdc000 	C:\WINDOWS\SYSTEM32\dhcpcsvc.DLL
0x00007ffd482f0000 - 0x00007ffd483ba000 	C:\WINDOWS\SYSTEM32\DNSAPI.dll
0x000000005c520000 - 0x000000005c531000 	C:\Program Files\Java\jdk1.8.0_144\jre\bin\nio.dll
0x00007ffd4b270000 - 0x00007ffd4b312000 	C:\WINDOWS\System32\clbcatq.dll
0x00007ffd36310000 - 0x00007ffd36328000 	C:\Windows\System32\devenum.dll
0x00007ffd4b520000 - 0x00007ffd4b990000 	C:\WINDOWS\System32\setupapi.dll
0x00007ffd47df0000 - 0x00007ffd47e21000 	C:\WINDOWS\SYSTEM32\ntmarta.dll
0x00007ffd48b90000 - 0x00007ffd48bba000 	C:\WINDOWS\SYSTEM32\DEVOBJ.dll
0x00007ffd49cc0000 - 0x00007ffd49d1c000 	C:\WINDOWS\System32\WINTRUST.dll
0x00007ffd48e30000 - 0x00007ffd48e42000 	C:\WINDOWS\System32\MSASN1.dll
0x00007ffd49d40000 - 0x00007ffd49e89000 	C:\WINDOWS\System32\CRYPT32.dll
0x00007ffd3fe00000 - 0x00007ffd3fe0b000 	C:\WINDOWS\SYSTEM32\msdmo.dll
0x00007ffd2abf0000 - 0x00007ffd2ac24000 	C:\Windows\System32\qcap.dll
0x00007ffd03e50000 - 0x00007ffd04014000 	C:\Windows\System32\quartz.dll
0x00007ffd10060000 - 0x00007ffd100ac000 	C:\Windows\System32\mfksproxy.dll
0x00007ffd297c0000 - 0x00007ffd297dc000 	C:\Windows\System32\ATL.DLL
0x00007ffd3ec30000 - 0x00007ffd3ee2a000 	C:\Windows\System32\MFPlat.DLL
0x00007ffd3ea20000 - 0x00007ffd3ea4f000 	C:\Windows\System32\RTWorkQ.DLL
0x00007ffcfe960000 - 0x00007ffcfed4c000 	C:\Windows\System32\MFCORE.dll
0x00007ffd40e30000 - 0x00007ffd40e39000 	C:\Windows\System32\ksuser.dll
0x00007ffd07930000 - 0x00007ffd07985000 	C:\Windows\System32\FSClient.dll
0x00007ffd07d50000 - 0x00007ffd07dac000 	C:\Windows\System32\MFSENSORGROUP.dll
0x00007ffd47a90000 - 0x00007ffd47b7b000 	C:\Windows\System32\dxgi.dll
0x00007ffd42c70000 - 0x00007ffd42ecb000 	C:\Windows\System32\d3d11.dll
0x00007ffd40e70000 - 0x00007ffd40e7a000 	C:\Windows\System32\AVRT.dll
0x00007ffd3fee0000 - 0x00007ffd3feed000 	C:\Windows\System32\vidcap.ax
0x00007ffd23970000 - 0x00007ffd23996000 	C:\Windows\System32\kswdmcap.ax
0x00007ffcfdc50000 - 0x00007ffcfddb2000 	C:\Windows\System32\MFC42.dll
0x00007ffd03c80000 - 0x00007ffd03db9000 	C:\Windows\System32\MFReadWrite.dll
0x00007ffd03610000 - 0x00007ffd036b1000 	C:\Windows\System32\qedit.dll
0x00007ffd333b0000 - 0x00007ffd33553000 	C:\WINDOWS\WinSxS\amd64_microsoft.windows.gdiplus_6595b64144ccf1df_1.1.18362.592_none_17aba4766da537d0\gdiplus.dll
0x00007ffd03210000 - 0x00007ffd03307000 	C:\Windows\System32\DDRAW.dll
0x00007ffd3feb0000 - 0x00007ffd3feb8000 	C:\Windows\System32\DCIMAN32.dll
0x00007ffd3f9f0000 - 0x00007ffd3f9fc000 	C:\WINDOWS\SYSTEM32\msyuv.dll
0x000000005b910000 - 0x000000005baa8000 	C:\Program Files\Java\jdk1.8.0_144\jre\bin\awt.dll
0x00007ffd43890000 - 0x00007ffd4391f000 	C:\WINDOWS\SYSTEM32\apphelp.dll
0x00007ffd47780000 - 0x00007ffd47974000 	C:\WINDOWS\SYSTEM32\dbghelp.dll

VM Arguments:
jvm_args: -Dfile.encoding=UTF-8 
java_command: D:\Guanzon\GMC SEG Folder - Java\webcamfx\dist\run1124729243\webcamfx.jar
java_class_path (initial): D:\Guanzon\GMC SEG Folder - Java\webcamfx\dist\run1124729243\webcamfx.jar
Launcher Type: SUN_STANDARD

Environment Variables:
PATH=C:\Program Files (x86)\Common Files\Oracle\Java\javapath;C:\ProgramData\Oracle\Java\javapath;C:\WINDOWS\system32;C:\WINDOWS;C:\WINDOWS\System32\Wbem;C:\WINDOWS\System32\WindowsPowerShell\v1.0\;C:\WINDOWS\System32\OpenSSH\;C:\Program Files\Intel\WiFi\bin\;C:\Program Files\Common Files\Intel\WirelessCommon\;C:\Program Files\PuTTY\;c:\Program Files (x86)\Microsoft SQL Server\100\Tools\Binn\;c:\Program Files\Microsoft SQL Server\100\Tools\Binn\;c:\Program Files\Microsoft SQL Server\100\DTS\Binn\;F:\Program Files\Git\cmd;C:\Program Files (x86)\Intel\Intel(R) Management Engine Components\DAL;C:\Program Files\Intel\Intel(R) Management Engine Components\DAL;C:\Users\Mac\AppData\Local\Programs\Python\Python38-32\Scripts\;C:\Users\Mac\AppData\Local\Programs\Python\Python38-32\;C:\Users\Mac\AppData\Local\Microsoft\WindowsApps;C:\Program Files (x86)\IDM Computer Solutions\UltraEdit\;C:\xampp\php;C:\Users\Mac\composer;C:\Users\Mac\AppData\Roaming\Composer\vendor\bin;C:\Users\Mac\AppData\Local\GitHubDesktop\bin
USERNAME=Mac
OS=Windows_NT
PROCESSOR_IDENTIFIER=Intel64 Family 6 Model 78 Stepping 3, GenuineIntel



---------------  S Y S T E M  ---------------

OS: Windows 10.0 , 64 bit Build 18362 (10.0.18362.329)

CPU:total 4 (initial active 4) (2 cores per cpu, 2 threads per core) family 6 model 78 stepping 3, cmov, cx8, fxsr, mmx, sse, sse2, sse3, ssse3, sse4.1, sse4.2, popcnt, avx, avx2, aes, clmul, erms, rtm, 3dnowpref, lzcnt, ht, tsc, tscinvbit, bmi1, bmi2, adx

Memory: 4k page, physical 7774820k(2919624k free), swap 15549640k(6974124k free)

vm_info: Java HotSpot(TM) 64-Bit Server VM (25.144-b01) for windows-amd64 JRE (1.8.0_144-b01), built on Jul 21 2017 21:57:33 by "java_re" with MS VC++ 10.0 (VS2010)

time: Thu Aug 05 14:00:08 2021
elapsed time: 4 seconds (0d 0h 0m 4s)

